# JRE version: OpenJDK Runtime Environment Temurin-17.0.10+7 (17.0.10+7) (build 17.0.10+7)
# Java VM: OpenJDK 64-Bit Server VM Temurin-17.0.10+7 (17.0.10+7, mixed mode, tiered, compressed oops, compressed class ptrs, parallel gc, windows-amd64)
GC Precious Log:
 CPUs: 20 total, 20 available
 Memory: 16004M
 Large Page Support: Disabled
 NUMA Support: Disabled
 Compressed Oops: Enabled (32-bit)
 Alignments: Space 512K, Generation 512K, Heap 2M
 Heap Min Capacity: 100M
 Heap Initial Capacity: 100M
 Heap Max Capacity: 1G
 Pre-touch: Disabled
 Parallel Workers: 15
Heap:
 PSYoungGen      total 20480K, used 3877K [0x00000000eab00000, 0x00000000ec300000, 0x0000000100000000)
  eden space 19968K, 19% used [0x00000000eab00000,0x00000000eaec9678,0x00000000ebe80000)
  from space 512K, 0% used [0x00000000ec280000,0x00000000ec280000,0x00000000ec300000)
  to   space 512K, 0% used [0x00000000ec200000,0x00000000ec200000,0x00000000ec280000)
 ParOldGen       total 68608K, used 37296K [0x00000000c0000000, 0x00000000c4300000, 0x00000000eab00000)
  object space 68608K, 54% used [0x00000000c0000000,0x00000000c246c270,0x00000000c4300000)
 Metaspace       used 59004K, committed 60032K, reserved 1114112K
  class space    used 6274K, committed 6720K, reserved 1048576K
GC Heap History (20 events):
Event: 3.870 GC heap before
{Heap before GC invocations=26 (full 2):
 PSYoungGen      total 22016K, used 21984K [0x00000000eab00000, 0x00000000ec680000, 0x0000000100000000)
  eden space 19968K, 100% used [0x00000000eab00000,0x00000000ebe80000,0x00000000ebe80000)
  from space 2048K, 98% used [0x00000000ebe80000,0x00000000ec078010,0x00000000ec080000)
  to   space 4096K, 0% used [0x00000000ec280000,0x00000000ec280000,0x00000000ec680000)
 ParOldGen       total 68608K, used 30831K [0x00000000c0000000, 0x00000000c4300000, 0x00000000eab00000)
  object space 68608K, 44% used [0x00000000c0000000,0x00000000c1e1bd50,0x00000000c4300000)
 Metaspace       used 52967K, committed 54016K, reserved 1114112K
  class space    used 5677K, committed 6144K, reserved 1048576K
}
Event: 3.871 GC heap after
{Heap after GC invocations=26 (full 2):
 PSYoungGen      total 22016K, used 1952K [0x00000000eab00000, 0x00000000ec480000, 0x0000000100000000)
  eden space 19968K, 0% used [0x00000000eab00000,0x00000000eab00000,0x00000000ebe80000)
  from space 2048K, 95% used [0x00000000ec280000,0x00000000ec468000,0x00000000ec480000)
  to   space 3072K, 0% used [0x00000000ebe80000,0x00000000ebe80000,0x00000000ec180000)
 ParOldGen       total 68608K, used 32799K [0x00000000c0000000, 0x00000000c4300000, 0x00000000eab00000)
  object space 68608K, 47% used [0x00000000c0000000,0x00000000c2007d60,0x00000000c4300000)
 Metaspace       used 52967K, committed 54016K, reserved 1114112K
  class space    used 5677K, committed 6144K, reserved 1048576K
}
Event: 3.954 GC heap before
{Heap before GC invocations=27 (full 2):
 PSYoungGen      total 22016K, used 21920K [0x00000000eab00000, 0x00000000ec480000, 0x0000000100000000)
  eden space 19968K, 100% used [0x00000000eab00000,0x00000000ebe80000,0x00000000ebe80000)
  from space 2048K, 95% used [0x00000000ec280000,0x00000000ec468000,0x00000000ec480000)
  to   space 3072K, 0% used [0x00000000ebe80000,0x00000000ebe80000,0x00000000ec180000)
 ParOldGen       total 68608K, used 32799K [0x00000000c0000000, 0x00000000c4300000, 0x00000000eab00000)
  object space 68608K, 47% used [0x00000000c0000000,0x00000000c2007d60,0x00000000c4300000)
 Metaspace       used 53231K, committed 54272K, reserved 1114112K
  class space    used 5694K, committed 6144K, reserved 1048576K
}
Event: 3.956 GC heap after
{Heap after GC invocations=27 (full 2):
 PSYoungGen      total 23040K, used 3044K [0x00000000eab00000, 0x00000000eca80000, 0x0000000100000000)
  eden space 19968K, 0% used [0x00000000eab00000,0x00000000eab00000,0x00000000ebe80000)
  from space 3072K, 99% used [0x00000000ebe80000,0x00000000ec179000,0x00000000ec180000)
  to   space 6144K, 0% used [0x00000000ec480000,0x00000000ec480000,0x00000000eca80000)
 ParOldGen       total 68608K, used 35167K [0x00000000c0000000, 0x00000000c4300000, 0x00000000eab00000)
  object space 68608K, 51% used [0x00000000c0000000,0x00000000c2257d60,0x00000000c4300000)
 Metaspace       used 53231K, committed 54272K, reserved 1114112K
  class space    used 5694K, committed 6144K, reserved 1048576K
}
Event: 4.150 GC heap before
{Heap before GC invocations=28 (full 2):
 PSYoungGen      total 23040K, used 23012K [0x00000000eab00000, 0x00000000eca80000, 0x0000000100000000)
  eden space 19968K, 100% used [0x00000000eab00000,0x00000000ebe80000,0x00000000ebe80000)
  from space 3072K, 99% used [0x00000000ebe80000,0x00000000ec179000,0x00000000ec180000)
  to   space 6144K, 0% used [0x00000000ec480000,0x00000000ec480000,0x00000000eca80000)
 ParOldGen       total 68608K, used 35167K [0x00000000c0000000, 0x00000000c4300000, 0x00000000eab00000)
  object space 68608K, 51% used [0x00000000c0000000,0x00000000c2257d60,0x00000000c4300000)
 Metaspace       used 53281K, committed 54336K, reserved 1114112K
  class space    used 5696K, committed 6144K, reserved 1048576K
}
Event: 4.151 GC heap after
{Heap after GC invocations=28 (full 2):
 PSYoungGen      total 20480K, used 352K [0x00000000eab00000, 0x00000000ec500000, 0x0000000100000000)
  eden space 19968K, 0% used [0x00000000eab00000,0x00000000eab00000,0x00000000ebe80000)
  from space 512K, 68% used [0x00000000ec480000,0x00000000ec4d8000,0x00000000ec500000)
  to   space 2560K, 0% used [0x00000000ec000000,0x00000000ec000000,0x00000000ec280000)
 ParOldGen       total 68608K, used 38256K [0x00000000c0000000, 0x00000000c4300000, 0x00000000eab00000)
  object space 68608K, 55% used [0x00000000c0000000,0x00000000c255c0b8,0x00000000c4300000)
 Metaspace       used 53281K, committed 54336K, reserved 1114112K
  class space    used 5696K, committed 6144K, reserved 1048576K
}
Event: 4.317 GC heap before
{Heap before GC invocations=29 (full 2):
 PSYoungGen      total 20480K, used 20320K [0x00000000eab00000, 0x00000000ec500000, 0x0000000100000000)
  eden space 19968K, 100% used [0x00000000eab00000,0x00000000ebe80000,0x00000000ebe80000)
  from space 512K, 68% used [0x00000000ec480000,0x00000000ec4d8000,0x00000000ec500000)
  to   space 2560K, 0% used [0x00000000ec000000,0x00000000ec000000,0x00000000ec280000)
 ParOldGen       total 68608K, used 38256K [0x00000000c0000000, 0x00000000c4300000, 0x00000000eab00000)
  object space 68608K, 55% used [0x00000000c0000000,0x00000000c255c0b8,0x00000000c4300000)
 Metaspace       used 54221K, committed 55232K, reserved 1114112K
  class space    used 5785K, committed 6208K, reserved 1048576K
}
Event: 4.317 GC heap after
{Heap after GC invocations=29 (full 2):
 PSYoungGen      total 22528K, used 448K [0x00000000eab00000, 0x00000000ec500000, 0x0000000100000000)
  eden space 19968K, 0% used [0x00000000eab00000,0x00000000eab00000,0x00000000ebe80000)
  from space 2560K, 17% used [0x00000000ec000000,0x00000000ec070000,0x00000000ec280000)
  to   space 1024K, 0% used [0x00000000ec400000,0x00000000ec400000,0x00000000ec500000)
 ParOldGen       total 68608K, used 38328K [0x00000000c0000000, 0x00000000c4300000, 0x00000000eab00000)
  object space 68608K, 55% used [0x00000000c0000000,0x00000000c256e0b8,0x00000000c4300000)
 Metaspace       used 54221K, committed 55232K, reserved 1114112K
  class space    used 5785K, committed 6208K, reserved 1048576K
}
Event: 4.408 GC heap before
{Heap before GC invocations=30 (full 2):
 PSYoungGen      total 22528K, used 20416K [0x00000000eab00000, 0x00000000ec500000, 0x0000000100000000)
  eden space 19968K, 100% used [0x00000000eab00000,0x00000000ebe80000,0x00000000ebe80000)
  from space 2560K, 17% used [0x00000000ec000000,0x00000000ec070000,0x00000000ec280000)
  to   space 1024K, 0% used [0x00000000ec400000,0x00000000ec400000,0x00000000ec500000)
 ParOldGen       total 68608K, used 38328K [0x00000000c0000000, 0x00000000c4300000, 0x00000000eab00000)
  object space 68608K, 55% used [0x00000000c0000000,0x00000000c256e0b8,0x00000000c4300000)
 Metaspace       used 55433K, committed 56512K, reserved 1114112K
  class space    used 5924K, committed 6400K, reserved 1048576K
}
Event: 4.409 GC heap after
{Heap after GC invocations=30 (full 2):
 PSYoungGen      total 20992K, used 1015K [0x00000000eab00000, 0x00000000ec500000, 0x0000000100000000)
  eden space 19968K, 0% used [0x00000000eab00000,0x00000000eab00000,0x00000000ebe80000)
  from space 1024K, 99% used [0x00000000ec400000,0x00000000ec4fdca0,0x00000000ec500000)
  to   space 2048K, 0% used [0x00000000ec100000,0x00000000ec100000,0x00000000ec300000)
 ParOldGen       total 68608K, used 39111K [0x00000000c0000000, 0x00000000c4300000, 0x00000000eab00000)
  object space 68608K, 57% used [0x00000000c0000000,0x00000000c2631df0,0x00000000c4300000)
 Metaspace       used 55433K, committed 56512K, reserved 1114112K
  class space    used 5924K, committed 6400K, reserved 1048576K
}
Event: 4.444 GC heap before
{Heap before GC invocations=31 (full 2):
 PSYoungGen      total 20992K, used 20983K [0x00000000eab00000, 0x00000000ec500000, 0x0000000100000000)
  eden space 19968K, 100% used [0x00000000eab00000,0x00000000ebe80000,0x00000000ebe80000)
  from space 1024K, 99% used [0x00000000ec400000,0x00000000ec4fdca0,0x00000000ec500000)
  to   space 2048K, 0% used [0x00000000ec100000,0x00000000ec100000,0x00000000ec300000)
 ParOldGen       total 68608K, used 39111K [0x00000000c0000000, 0x00000000c4300000, 0x00000000eab00000)
  object space 68608K, 57% used [0x00000000c0000000,0x00000000c2631df0,0x00000000c4300000)
 Metaspace       used 55448K, committed 56576K, reserved 1114112K
  class space    used 5924K, committed 6400K, reserved 1048576K
}
Event: 4.446 GC heap after
{Heap after GC invocations=31 (full 2):
 PSYoungGen      total 22016K, used 1277K [0x00000000eab00000, 0x00000000ec480000, 0x0000000100000000)
  eden space 19968K, 0% used [0x00000000eab00000,0x00000000eab00000,0x00000000ebe80000)
  from space 2048K, 62% used [0x00000000ec100000,0x00000000ec23f7d0,0x00000000ec300000)
  to   space 1536K, 0% used [0x00000000ec300000,0x00000000ec300000,0x00000000ec480000)
 ParOldGen       total 68608K, used 39609K [0x00000000c0000000, 0x00000000c4300000, 0x00000000eab00000)
  object space 68608K, 57% used [0x00000000c0000000,0x00000000c26ae700,0x00000000c4300000)
 Metaspace       used 55448K, committed 56576K, reserved 1114112K
  class space    used 5924K, committed 6400K, reserved 1048576K
}
Event: 4.644 GC heap before
{Heap before GC invocations=32 (full 2):
 PSYoungGen      total 22016K, used 21245K [0x00000000eab00000, 0x00000000ec480000, 0x0000000100000000)
  eden space 19968K, 100% used [0x00000000eab00000,0x00000000ebe80000,0x00000000ebe80000)
  from space 2048K, 62% used [0x00000000ec100000,0x00000000ec23f7d0,0x00000000ec300000)
  to   space 1536K, 0% used [0x00000000ec300000,0x00000000ec300000,0x00000000ec480000)
 ParOldGen       total 68608K, used 39609K [0x00000000c0000000, 0x00000000c4300000, 0x00000000eab00000)
  object space 68608K, 57% used [0x00000000c0000000,0x00000000c26ae700,0x00000000c4300000)
 Metaspace       used 57145K, committed 58176K, reserved 1114112K
  class space    used 6101K, committed 6528K, reserved 1048576K
}
Event: 4.645 GC heap after
{Heap after GC invocations=32 (full 2):
 PSYoungGen      total 20480K, used 480K [0x00000000eab00000, 0x00000000ec380000, 0x0000000100000000)
  eden space 19968K, 0% used [0x00000000eab00000,0x00000000eab00000,0x00000000ebe80000)
  from space 512K, 93% used [0x00000000ec300000,0x00000000ec378000,0x00000000ec380000)
  to   space 1024K, 0% used [0x00000000ec180000,0x00000000ec180000,0x00000000ec280000)
 ParOldGen       total 68608K, used 39657K [0x00000000c0000000, 0x00000000c4300000, 0x00000000eab00000)
  object space 68608K, 57% used [0x00000000c0000000,0x00000000c26ba700,0x00000000c4300000)
 Metaspace       used 57145K, committed 58176K, reserved 1114112K
  class space    used 6101K, committed 6528K, reserved 1048576K
}
Event: 4.802 GC heap before
{Heap before GC invocations=33 (full 2):
 PSYoungGen      total 20480K, used 20448K [0x00000000eab00000, 0x00000000ec380000, 0x0000000100000000)
  eden space 19968K, 100% used [0x00000000eab00000,0x00000000ebe80000,0x00000000ebe80000)
  from space 512K, 93% used [0x00000000ec300000,0x00000000ec378000,0x00000000ec380000)
  to   space 1024K, 0% used [0x00000000ec180000,0x00000000ec180000,0x00000000ec280000)
 ParOldGen       total 68608K, used 39657K [0x00000000c0000000, 0x00000000c4300000, 0x00000000eab00000)
  object space 68608K, 57% used [0x00000000c0000000,0x00000000c26ba700,0x00000000c4300000)
 Metaspace       used 58658K, committed 59712K, reserved 1114112K
  class space    used 6227K, committed 6656K, reserved 1048576K
}
Event: 4.803 GC heap after
{Heap after GC invocations=33 (full 2):
 PSYoungGen      total 20992K, used 640K [0x00000000eab00000, 0x00000000ec380000, 0x0000000100000000)
  eden space 19968K, 0% used [0x00000000eab00000,0x00000000eab00000,0x00000000ebe80000)
  from space 1024K, 62% used [0x00000000ec180000,0x00000000ec220000,0x00000000ec280000)
  to   space 1024K, 0% used [0x00000000ec280000,0x00000000ec280000,0x00000000ec380000)
 ParOldGen       total 68608K, used 39921K [0x00000000c0000000, 0x00000000c4300000, 0x00000000eab00000)
  object space 68608K, 58% used [0x00000000c0000000,0x00000000c26fc700,0x00000000c4300000)
 Metaspace       used 58658K, committed 59712K, reserved 1114112K
  class space    used 6227K, committed 6656K, reserved 1048576K
}
Event: 4.810 GC heap before
{Heap before GC invocations=34 (full 2):
 PSYoungGen      total 20992K, used 1433K [0x00000000eab00000, 0x00000000ec380000, 0x0000000100000000)
  eden space 19968K, 3% used [0x00000000eab00000,0x00000000eabc6760,0x00000000ebe80000)
  from space 1024K, 62% used [0x00000000ec180000,0x00000000ec220000,0x00000000ec280000)
  to   space 1024K, 0% used [0x00000000ec280000,0x00000000ec280000,0x00000000ec380000)
 ParOldGen       total 68608K, used 39921K [0x00000000c0000000, 0x00000000c4300000, 0x00000000eab00000)
  object space 68608K, 58% used [0x00000000c0000000,0x00000000c26fc700,0x00000000c4300000)
 Metaspace       used 58707K, committed 59776K, reserved 1114112K
  class space    used 6231K, committed 6720K, reserved 1048576K
}
Event: 4.811 GC heap after
{Heap after GC invocations=34 (full 2):
 PSYoungGen      total 20480K, used 384K [0x00000000eab00000, 0x00000000ec300000, 0x0000000100000000)
  eden space 19968K, 0% used [0x00000000eab00000,0x00000000eab00000,0x00000000ebe80000)
  from space 512K, 75% used [0x00000000ec280000,0x00000000ec2e0000,0x00000000ec300000)
  to   space 512K, 0% used [0x00000000ec200000,0x00000000ec200000,0x00000000ec280000)
 ParOldGen       total 68608K, used 40233K [0x00000000c0000000, 0x00000000c4300000, 0x00000000eab00000)
  object space 68608K, 58% used [0x00000000c0000000,0x00000000c274a700,0x00000000c4300000)
 Metaspace       used 58707K, committed 59776K, reserved 1114112K
  class space    used 6231K, committed 6720K, reserved 1048576K
}
Event: 4.811 GC heap before
{Heap before GC invocations=35 (full 3):
 PSYoungGen      total 20480K, used 384K [0x00000000eab00000, 0x00000000ec300000, 0x0000000100000000)
  eden space 19968K, 0% used [0x00000000eab00000,0x00000000eab00000,0x00000000ebe80000)
  from space 512K, 75% used [0x00000000ec280000,0x00000000ec2e0000,0x00000000ec300000)
  to   space 512K, 0% used [0x00000000ec200000,0x00000000ec200000,0x00000000ec280000)
 ParOldGen       total 68608K, used 40233K [0x00000000c0000000, 0x00000000c4300000, 0x00000000eab00000)
  object space 68608K, 58% used [0x00000000c0000000,0x00000000c274a700,0x00000000c4300000)
 Metaspace       used 58707K, committed 59776K, reserved 1114112K
  class space    used 6231K, committed 6720K, reserved 1048576K
}
Event: 4.844 GC heap after
{Heap after GC invocations=35 (full 3):
 PSYoungGen      total 20480K, used 0K [0x00000000eab00000, 0x00000000ec300000, 0x0000000100000000)
  eden space 19968K, 0% used [0x00000000eab00000,0x00000000eab00000,0x00000000ebe80000)
  from space 512K, 0% used [0x00000000ec280000,0x00000000ec280000,0x00000000ec300000)
  to   space 512K, 0% used [0x00000000ec200000,0x00000000ec200000,0x00000000ec280000)
 ParOldGen       total 68608K, used 37296K [0x00000000c0000000, 0x00000000c4300000, 0x00000000eab00000)
  object space 68608K, 54% used [0x00000000c0000000,0x00000000c246c270,0x00000000c4300000)
 Metaspace       used 58707K, committed 59776K, reserved 1114112K
  class space    used 6231K, committed 6720K, reserved 1048576K
}

